2022-04-19T09:46:09,841 - CPUUtilization.Percent:0.0|#Level:Host|#hostname:hlx,timestamp:1650332769
2022-04-19T09:46:09,842 - DiskAvailable.Gigabytes:10.306568145751953|#Level:Host|#hostname:hlx,timestamp:1650332769
2022-04-19T09:46:09,843 - DiskUsage.Gigabytes:76.1895866394043|#Level:Host|#hostname:hlx,timestamp:1650332769
2022-04-19T09:46:09,844 - DiskUtilization.Percent:88.1|#Level:Host|#hostname:hlx,timestamp:1650332769
2022-04-19T09:46:09,845 - GPUMemoryUtilization.Percent:0.9081735620585267|#Level:Host,device_id:0|#hostname:hlx,timestamp:1650332769
2022-04-19T09:46:09,845 - GPUMemoryUsed.Megabytes:54|#Level:Host,device_id:0|#hostname:hlx,timestamp:1650332769
2022-04-19T09:46:09,845 - GPUUtilization.Percent:20|#Level:Host,device_id:0|#hostname:hlx,timestamp:1650332769
2022-04-19T09:46:09,846 - MemoryAvailable.Megabytes:6900.00390625|#Level:Host|#hostname:hlx,timestamp:1650332769
2022-04-19T09:46:09,847 - MemoryUsed.Megabytes:6753.4765625|#Level:Host|#hostname:hlx,timestamp:1650332769
2022-04-19T09:46:09,847 - MemoryUtilization.Percent:56.2|#Level:Host|#hostname:hlx,timestamp:1650332769
2022-04-19T09:47:09,859 - CPUUtilization.Percent:0.0|#Level:Host|#hostname:hlx,timestamp:1650332829
2022-04-19T09:47:09,860 - DiskAvailable.Gigabytes:10.30630111694336|#Level:Host|#hostname:hlx,timestamp:1650332829
2022-04-19T09:47:09,860 - DiskUsage.Gigabytes:76.18985366821289|#Level:Host|#hostname:hlx,timestamp:1650332829
2022-04-19T09:47:09,861 - DiskUtilization.Percent:88.1|#Level:Host|#hostname:hlx,timestamp:1650332829
2022-04-19T09:47:09,861 - GPUMemoryUtilization.Percent:0.9081735620585267|#Level:Host,device_id:0|#hostname:hlx,timestamp:1650332829
2022-04-19T09:47:09,862 - GPUMemoryUsed.Megabytes:54|#Level:Host,device_id:0|#hostname:hlx,timestamp:1650332829
2022-04-19T09:47:09,863 - GPUUtilization.Percent:26|#Level:Host,device_id:0|#hostname:hlx,timestamp:1650332829
2022-04-19T09:47:09,863 - MemoryAvailable.Megabytes:6819.421875|#Level:Host|#hostname:hlx,timestamp:1650332829
2022-04-19T09:47:09,863 - MemoryUsed.Megabytes:6816.2578125|#Level:Host|#hostname:hlx,timestamp:1650332829
2022-04-19T09:47:09,864 - MemoryUtilization.Percent:56.7|#Level:Host|#hostname:hlx,timestamp:1650332829
2022-04-19T09:48:09,847 - CPUUtilization.Percent:0.0|#Level:Host|#hostname:hlx,timestamp:1650332889
2022-04-19T09:48:09,848 - DiskAvailable.Gigabytes:10.30605697631836|#Level:Host|#hostname:hlx,timestamp:1650332889
2022-04-19T09:48:09,849 - DiskUsage.Gigabytes:76.19009780883789|#Level:Host|#hostname:hlx,timestamp:1650332889
2022-04-19T09:48:09,849 - DiskUtilization.Percent:88.1|#Level:Host|#hostname:hlx,timestamp:1650332889
2022-04-19T09:48:09,849 - GPUMemoryUtilization.Percent:0.9081735620585267|#Level:Host,device_id:0|#hostname:hlx,timestamp:1650332889
2022-04-19T09:48:09,850 - GPUMemoryUsed.Megabytes:54|#Level:Host,device_id:0|#hostname:hlx,timestamp:1650332889
2022-04-19T09:48:09,850 - GPUUtilization.Percent:25|#Level:Host,device_id:0|#hostname:hlx,timestamp:1650332889
2022-04-19T09:48:09,851 - MemoryAvailable.Megabytes:6874.796875|#Level:Host|#hostname:hlx,timestamp:1650332889
2022-04-19T09:48:09,852 - MemoryUsed.Megabytes:6796.71875|#Level:Host|#hostname:hlx,timestamp:1650332889
2022-04-19T09:48:09,852 - MemoryUtilization.Percent:56.4|#Level:Host|#hostname:hlx,timestamp:1650332889
2022-04-19T09:49:09,911 - CPUUtilization.Percent:0.0|#Level:Host|#hostname:hlx,timestamp:1650332949
2022-04-19T09:49:09,911 - DiskAvailable.Gigabytes:10.305850982666016|#Level:Host|#hostname:hlx,timestamp:1650332949
2022-04-19T09:49:09,912 - DiskUsage.Gigabytes:76.19030380249023|#Level:Host|#hostname:hlx,timestamp:1650332949
2022-04-19T09:49:09,912 - DiskUtilization.Percent:88.1|#Level:Host|#hostname:hlx,timestamp:1650332949
2022-04-19T09:49:09,913 - GPUMemoryUtilization.Percent:0.9081735620585267|#Level:Host,device_id:0|#hostname:hlx,timestamp:1650332949
2022-04-19T09:49:09,913 - GPUMemoryUsed.Megabytes:54|#Level:Host,device_id:0|#hostname:hlx,timestamp:1650332949
2022-04-19T09:49:09,913 - GPUUtilization.Percent:30|#Level:Host,device_id:0|#hostname:hlx,timestamp:1650332949
2022-04-19T09:49:09,914 - MemoryAvailable.Megabytes:6799.63671875|#Level:Host|#hostname:hlx,timestamp:1650332949
2022-04-19T09:49:09,914 - MemoryUsed.Megabytes:6840.19140625|#Level:Host|#hostname:hlx,timestamp:1650332949
2022-04-19T09:49:09,915 - MemoryUtilization.Percent:56.8|#Level:Host|#hostname:hlx,timestamp:1650332949
2022-04-19T09:49:32,159 - Requests4XX.Count:1|#Level:Host|#hostname:hlx,timestamp:null
2022-04-19T09:50:09,853 - CPUUtilization.Percent:0.0|#Level:Host|#hostname:hlx,timestamp:1650333009
2022-04-19T09:50:09,854 - DiskAvailable.Gigabytes:10.241100311279297|#Level:Host|#hostname:hlx,timestamp:1650333009
2022-04-19T09:50:09,855 - DiskUsage.Gigabytes:76.25505447387695|#Level:Host|#hostname:hlx,timestamp:1650333009
2022-04-19T09:50:09,856 - DiskUtilization.Percent:88.2|#Level:Host|#hostname:hlx,timestamp:1650333009
2022-04-19T09:50:09,857 - GPUMemoryUtilization.Percent:0.9081735620585267|#Level:Host,device_id:0|#hostname:hlx,timestamp:1650333009
2022-04-19T09:50:09,857 - GPUMemoryUsed.Megabytes:54|#Level:Host,device_id:0|#hostname:hlx,timestamp:1650333009
2022-04-19T09:50:09,857 - GPUUtilization.Percent:25|#Level:Host,device_id:0|#hostname:hlx,timestamp:1650333009
2022-04-19T09:50:09,858 - MemoryAvailable.Megabytes:6784.05859375|#Level:Host|#hostname:hlx,timestamp:1650333009
2022-04-19T09:50:09,858 - MemoryUsed.Megabytes:6886.3046875|#Level:Host|#hostname:hlx,timestamp:1650333009
2022-04-19T09:50:09,859 - MemoryUtilization.Percent:56.9|#Level:Host|#hostname:hlx,timestamp:1650333009
2022-04-19T09:51:09,845 - CPUUtilization.Percent:0.0|#Level:Host|#hostname:hlx,timestamp:1650333069
2022-04-19T09:51:09,846 - DiskAvailable.Gigabytes:10.240753173828125|#Level:Host|#hostname:hlx,timestamp:1650333069
2022-04-19T09:51:09,847 - DiskUsage.Gigabytes:76.25540161132812|#Level:Host|#hostname:hlx,timestamp:1650333069
2022-04-19T09:51:09,847 - DiskUtilization.Percent:88.2|#Level:Host|#hostname:hlx,timestamp:1650333069
2022-04-19T09:51:09,848 - GPUMemoryUtilization.Percent:0.9081735620585267|#Level:Host,device_id:0|#hostname:hlx,timestamp:1650333069
2022-04-19T09:51:09,848 - GPUMemoryUsed.Megabytes:54|#Level:Host,device_id:0|#hostname:hlx,timestamp:1650333069
2022-04-19T09:51:09,849 - GPUUtilization.Percent:22|#Level:Host,device_id:0|#hostname:hlx,timestamp:1650333069
2022-04-19T09:51:09,849 - MemoryAvailable.Megabytes:6550.69921875|#Level:Host|#hostname:hlx,timestamp:1650333069
2022-04-19T09:51:09,849 - MemoryUsed.Megabytes:7071.4296875|#Level:Host|#hostname:hlx,timestamp:1650333069
2022-04-19T09:51:09,849 - MemoryUtilization.Percent:58.4|#Level:Host|#hostname:hlx,timestamp:1650333069
2022-04-19T09:52:09,859 - CPUUtilization.Percent:0.0|#Level:Host|#hostname:hlx,timestamp:1650333129
2022-04-19T09:52:09,868 - DiskAvailable.Gigabytes:10.238170623779297|#Level:Host|#hostname:hlx,timestamp:1650333129
2022-04-19T09:52:09,868 - DiskUsage.Gigabytes:76.25798416137695|#Level:Host|#hostname:hlx,timestamp:1650333129
2022-04-19T09:52:09,869 - DiskUtilization.Percent:88.2|#Level:Host|#hostname:hlx,timestamp:1650333129
2022-04-19T09:52:09,869 - GPUMemoryUtilization.Percent:0.9081735620585267|#Level:Host,device_id:0|#hostname:hlx,timestamp:1650333129
2022-04-19T09:52:09,869 - GPUMemoryUsed.Megabytes:54|#Level:Host,device_id:0|#hostname:hlx,timestamp:1650333129
2022-04-19T09:52:09,870 - GPUUtilization.Percent:19|#Level:Host,device_id:0|#hostname:hlx,timestamp:1650333129
2022-04-19T09:52:09,870 - MemoryAvailable.Megabytes:6337.75|#Level:Host|#hostname:hlx,timestamp:1650333129
2022-04-19T09:52:09,870 - MemoryUsed.Megabytes:7244.18359375|#Level:Host|#hostname:hlx,timestamp:1650333129
2022-04-19T09:52:09,870 - MemoryUtilization.Percent:59.8|#Level:Host|#hostname:hlx,timestamp:1650333129
2022-04-19T09:53:09,864 - CPUUtilization.Percent:0.0|#Level:Host|#hostname:hlx,timestamp:1650333189
2022-04-19T09:53:09,866 - DiskAvailable.Gigabytes:10.237972259521484|#Level:Host|#hostname:hlx,timestamp:1650333189
2022-04-19T09:53:09,866 - DiskUsage.Gigabytes:76.25818252563477|#Level:Host|#hostname:hlx,timestamp:1650333189
2022-04-19T09:53:09,867 - DiskUtilization.Percent:88.2|#Level:Host|#hostname:hlx,timestamp:1650333189
2022-04-19T09:53:09,867 - GPUMemoryUtilization.Percent:0.9081735620585267|#Level:Host,device_id:0|#hostname:hlx,timestamp:1650333189
2022-04-19T09:53:09,867 - GPUMemoryUsed.Megabytes:54|#Level:Host,device_id:0|#hostname:hlx,timestamp:1650333189
2022-04-19T09:53:09,867 - GPUUtilization.Percent:22|#Level:Host,device_id:0|#hostname:hlx,timestamp:1650333189
2022-04-19T09:53:09,868 - MemoryAvailable.Megabytes:6319.31640625|#Level:Host|#hostname:hlx,timestamp:1650333189
2022-04-19T09:53:09,868 - MemoryUsed.Megabytes:7223.11328125|#Level:Host|#hostname:hlx,timestamp:1650333189
2022-04-19T09:53:09,868 - MemoryUtilization.Percent:59.9|#Level:Host|#hostname:hlx,timestamp:1650333189
2022-04-19T09:54:09,871 - CPUUtilization.Percent:0.0|#Level:Host|#hostname:hlx,timestamp:1650333249
2022-04-19T09:54:09,872 - DiskAvailable.Gigabytes:10.237777709960938|#Level:Host|#hostname:hlx,timestamp:1650333249
2022-04-19T09:54:09,872 - DiskUsage.Gigabytes:76.25837707519531|#Level:Host|#hostname:hlx,timestamp:1650333249
2022-04-19T09:54:09,873 - DiskUtilization.Percent:88.2|#Level:Host|#hostname:hlx,timestamp:1650333249
2022-04-19T09:54:09,873 - GPUMemoryUtilization.Percent:0.9081735620585267|#Level:Host,device_id:0|#hostname:hlx,timestamp:1650333249
2022-04-19T09:54:09,873 - GPUMemoryUsed.Megabytes:54|#Level:Host,device_id:0|#hostname:hlx,timestamp:1650333249
2022-04-19T09:54:09,873 - GPUUtilization.Percent:27|#Level:Host,device_id:0|#hostname:hlx,timestamp:1650333249
2022-04-19T09:54:09,873 - MemoryAvailable.Megabytes:6213.49609375|#Level:Host|#hostname:hlx,timestamp:1650333249
2022-04-19T09:54:09,874 - MemoryUsed.Megabytes:7223.9296875|#Level:Host|#hostname:hlx,timestamp:1650333249
2022-04-19T09:54:09,874 - MemoryUtilization.Percent:60.6|#Level:Host|#hostname:hlx,timestamp:1650333249
2022-04-19T09:55:09,864 - CPUUtilization.Percent:0.0|#Level:Host|#hostname:hlx,timestamp:1650333309
2022-04-19T09:55:09,865 - DiskAvailable.Gigabytes:10.237617492675781|#Level:Host|#hostname:hlx,timestamp:1650333309
2022-04-19T09:55:09,865 - DiskUsage.Gigabytes:76.25853729248047|#Level:Host|#hostname:hlx,timestamp:1650333309
2022-04-19T09:55:09,865 - DiskUtilization.Percent:88.2|#Level:Host|#hostname:hlx,timestamp:1650333309
2022-04-19T09:55:09,865 - GPUMemoryUtilization.Percent:0.9081735620585267|#Level:Host,device_id:0|#hostname:hlx,timestamp:1650333309
2022-04-19T09:55:09,866 - GPUMemoryUsed.Megabytes:54|#Level:Host,device_id:0|#hostname:hlx,timestamp:1650333309
2022-04-19T09:55:09,866 - GPUUtilization.Percent:26|#Level:Host,device_id:0|#hostname:hlx,timestamp:1650333309
2022-04-19T09:55:09,866 - MemoryAvailable.Megabytes:6346.4296875|#Level:Host|#hostname:hlx,timestamp:1650333309
2022-04-19T09:55:09,866 - MemoryUsed.Megabytes:7236.63671875|#Level:Host|#hostname:hlx,timestamp:1650333309
2022-04-19T09:55:09,867 - MemoryUtilization.Percent:59.7|#Level:Host|#hostname:hlx,timestamp:1650333309
2022-04-19T09:56:09,859 - CPUUtilization.Percent:0.0|#Level:Host|#hostname:hlx,timestamp:1650333369
2022-04-19T09:56:09,860 - DiskAvailable.Gigabytes:10.237430572509766|#Level:Host|#hostname:hlx,timestamp:1650333369
2022-04-19T09:56:09,861 - DiskUsage.Gigabytes:76.25872421264648|#Level:Host|#hostname:hlx,timestamp:1650333369
2022-04-19T09:56:09,861 - DiskUtilization.Percent:88.2|#Level:Host|#hostname:hlx,timestamp:1650333369
2022-04-19T09:56:09,862 - GPUMemoryUtilization.Percent:0.9081735620585267|#Level:Host,device_id:0|#hostname:hlx,timestamp:1650333369
2022-04-19T09:56:09,862 - GPUMemoryUsed.Megabytes:54|#Level:Host,device_id:0|#hostname:hlx,timestamp:1650333369
2022-04-19T09:56:09,862 - GPUUtilization.Percent:21|#Level:Host,device_id:0|#hostname:hlx,timestamp:1650333369
2022-04-19T09:56:09,862 - MemoryAvailable.Megabytes:6364.44140625|#Level:Host|#hostname:hlx,timestamp:1650333369
2022-04-19T09:56:09,862 - MemoryUsed.Megabytes:7230.484375|#Level:Host|#hostname:hlx,timestamp:1650333369
2022-04-19T09:56:09,863 - MemoryUtilization.Percent:59.6|#Level:Host|#hostname:hlx,timestamp:1650333369
2022-04-19T09:57:09,856 - CPUUtilization.Percent:0.0|#Level:Host|#hostname:hlx,timestamp:1650333429
2022-04-19T09:57:09,857 - DiskAvailable.Gigabytes:10.237323760986328|#Level:Host|#hostname:hlx,timestamp:1650333429
2022-04-19T09:57:09,858 - DiskUsage.Gigabytes:76.25883102416992|#Level:Host|#hostname:hlx,timestamp:1650333429
2022-04-19T09:57:09,858 - DiskUtilization.Percent:88.2|#Level:Host|#hostname:hlx,timestamp:1650333429
2022-04-19T09:57:09,858 - GPUMemoryUtilization.Percent:0.9081735620585267|#Level:Host,device_id:0|#hostname:hlx,timestamp:1650333429
2022-04-19T09:57:09,858 - GPUMemoryUsed.Megabytes:54|#Level:Host,device_id:0|#hostname:hlx,timestamp:1650333429
2022-04-19T09:57:09,858 - GPUUtilization.Percent:32|#Level:Host,device_id:0|#hostname:hlx,timestamp:1650333429
2022-04-19T09:57:09,858 - MemoryAvailable.Megabytes:6309.25390625|#Level:Host|#hostname:hlx,timestamp:1650333429
2022-04-19T09:57:09,859 - MemoryUsed.Megabytes:7253.78125|#Level:Host|#hostname:hlx,timestamp:1650333429
2022-04-19T09:57:09,859 - MemoryUtilization.Percent:59.9|#Level:Host|#hostname:hlx,timestamp:1650333429
2022-04-19T09:58:09,860 - CPUUtilization.Percent:0.0|#Level:Host|#hostname:hlx,timestamp:1650333489
2022-04-19T09:58:09,861 - DiskAvailable.Gigabytes:10.237171173095703|#Level:Host|#hostname:hlx,timestamp:1650333489
2022-04-19T09:58:09,861 - DiskUsage.Gigabytes:76.25898361206055|#Level:Host|#hostname:hlx,timestamp:1650333489
2022-04-19T09:58:09,861 - DiskUtilization.Percent:88.2|#Level:Host|#hostname:hlx,timestamp:1650333489
2022-04-19T09:58:09,862 - GPUMemoryUtilization.Percent:0.9081735620585267|#Level:Host,device_id:0|#hostname:hlx,timestamp:1650333489
2022-04-19T09:58:09,862 - GPUMemoryUsed.Megabytes:54|#Level:Host,device_id:0|#hostname:hlx,timestamp:1650333489
2022-04-19T09:58:09,862 - GPUUtilization.Percent:25|#Level:Host,device_id:0|#hostname:hlx,timestamp:1650333489
2022-04-19T09:58:09,863 - MemoryAvailable.Megabytes:6361.3828125|#Level:Host|#hostname:hlx,timestamp:1650333489
2022-04-19T09:58:09,863 - MemoryUsed.Megabytes:7220.4609375|#Level:Host|#hostname:hlx,timestamp:1650333489
2022-04-19T09:58:09,863 - MemoryUtilization.Percent:59.6|#Level:Host|#hostname:hlx,timestamp:1650333489
2022-04-19T09:59:09,842 - CPUUtilization.Percent:0.0|#Level:Host|#hostname:hlx,timestamp:1650333549
2022-04-19T09:59:09,843 - DiskAvailable.Gigabytes:10.236961364746094|#Level:Host|#hostname:hlx,timestamp:1650333549
2022-04-19T09:59:09,843 - DiskUsage.Gigabytes:76.25919342041016|#Level:Host|#hostname:hlx,timestamp:1650333549
2022-04-19T09:59:09,844 - DiskUtilization.Percent:88.2|#Level:Host|#hostname:hlx,timestamp:1650333549
2022-04-19T09:59:09,844 - GPUMemoryUtilization.Percent:0.9081735620585267|#Level:Host,device_id:0|#hostname:hlx,timestamp:1650333549
2022-04-19T09:59:09,844 - GPUMemoryUsed.Megabytes:54|#Level:Host,device_id:0|#hostname:hlx,timestamp:1650333549
2022-04-19T09:59:09,844 - GPUUtilization.Percent:30|#Level:Host,device_id:0|#hostname:hlx,timestamp:1650333549
2022-04-19T09:59:09,844 - MemoryAvailable.Megabytes:6343.0234375|#Level:Host|#hostname:hlx,timestamp:1650333549
2022-04-19T09:59:09,845 - MemoryUsed.Megabytes:7234.734375|#Level:Host|#hostname:hlx,timestamp:1650333549
2022-04-19T09:59:09,845 - MemoryUtilization.Percent:59.7|#Level:Host|#hostname:hlx,timestamp:1650333549
2022-04-19T10:00:09,865 - CPUUtilization.Percent:0.0|#Level:Host|#hostname:hlx,timestamp:1650333609
2022-04-19T10:00:09,866 - DiskAvailable.Gigabytes:10.236743927001953|#Level:Host|#hostname:hlx,timestamp:1650333609
2022-04-19T10:00:09,867 - DiskUsage.Gigabytes:76.2594108581543|#Level:Host|#hostname:hlx,timestamp:1650333609
2022-04-19T10:00:09,867 - DiskUtilization.Percent:88.2|#Level:Host|#hostname:hlx,timestamp:1650333609
2022-04-19T10:00:09,867 - GPUMemoryUtilization.Percent:0.9081735620585267|#Level:Host,device_id:0|#hostname:hlx,timestamp:1650333609
2022-04-19T10:00:09,867 - GPUMemoryUsed.Megabytes:54|#Level:Host,device_id:0|#hostname:hlx,timestamp:1650333609
2022-04-19T10:00:09,867 - GPUUtilization.Percent:26|#Level:Host,device_id:0|#hostname:hlx,timestamp:1650333609
2022-04-19T10:00:09,867 - MemoryAvailable.Megabytes:6351.13671875|#Level:Host|#hostname:hlx,timestamp:1650333609
2022-04-19T10:00:09,868 - MemoryUsed.Megabytes:7197.8125|#Level:Host|#hostname:hlx,timestamp:1650333609
2022-04-19T10:00:09,868 - MemoryUtilization.Percent:59.7|#Level:Host|#hostname:hlx,timestamp:1650333609
2022-04-19T10:01:09,850 - CPUUtilization.Percent:0.0|#Level:Host|#hostname:hlx,timestamp:1650333669
2022-04-19T10:01:09,851 - DiskAvailable.Gigabytes:10.236515045166016|#Level:Host|#hostname:hlx,timestamp:1650333669
2022-04-19T10:01:09,852 - DiskUsage.Gigabytes:76.25963973999023|#Level:Host|#hostname:hlx,timestamp:1650333669
2022-04-19T10:01:09,852 - DiskUtilization.Percent:88.2|#Level:Host|#hostname:hlx,timestamp:1650333669
2022-04-19T10:01:09,852 - GPUMemoryUtilization.Percent:0.9081735620585267|#Level:Host,device_id:0|#hostname:hlx,timestamp:1650333669
2022-04-19T10:01:09,852 - GPUMemoryUsed.Megabytes:54|#Level:Host,device_id:0|#hostname:hlx,timestamp:1650333669
2022-04-19T10:01:09,852 - GPUUtilization.Percent:25|#Level:Host,device_id:0|#hostname:hlx,timestamp:1650333669
2022-04-19T10:01:09,853 - MemoryAvailable.Megabytes:6354.234375|#Level:Host|#hostname:hlx,timestamp:1650333669
2022-04-19T10:01:09,853 - MemoryUsed.Megabytes:7199.69140625|#Level:Host|#hostname:hlx,timestamp:1650333669
2022-04-19T10:01:09,853 - MemoryUtilization.Percent:59.7|#Level:Host|#hostname:hlx,timestamp:1650333669
2022-04-19T10:02:09,846 - CPUUtilization.Percent:50.0|#Level:Host|#hostname:hlx,timestamp:1650333729
2022-04-19T10:02:09,847 - DiskAvailable.Gigabytes:10.236270904541016|#Level:Host|#hostname:hlx,timestamp:1650333729
2022-04-19T10:02:09,847 - DiskUsage.Gigabytes:76.25988388061523|#Level:Host|#hostname:hlx,timestamp:1650333729
2022-04-19T10:02:09,848 - DiskUtilization.Percent:88.2|#Level:Host|#hostname:hlx,timestamp:1650333729
2022-04-19T10:02:09,848 - GPUMemoryUtilization.Percent:0.9081735620585267|#Level:Host,device_id:0|#hostname:hlx,timestamp:1650333729
2022-04-19T10:02:09,848 - GPUMemoryUsed.Megabytes:54|#Level:Host,device_id:0|#hostname:hlx,timestamp:1650333729
2022-04-19T10:02:09,848 - GPUUtilization.Percent:24|#Level:Host,device_id:0|#hostname:hlx,timestamp:1650333729
2022-04-19T10:02:09,848 - MemoryAvailable.Megabytes:6376.48828125|#Level:Host|#hostname:hlx,timestamp:1650333729
2022-04-19T10:02:09,849 - MemoryUsed.Megabytes:7191.609375|#Level:Host|#hostname:hlx,timestamp:1650333729
2022-04-19T10:02:09,849 - MemoryUtilization.Percent:59.5|#Level:Host|#hostname:hlx,timestamp:1650333729
2022-04-19T10:03:09,854 - CPUUtilization.Percent:50.0|#Level:Host|#hostname:hlx,timestamp:1650333789
2022-04-19T10:03:09,855 - DiskAvailable.Gigabytes:10.236083984375|#Level:Host|#hostname:hlx,timestamp:1650333789
2022-04-19T10:03:09,856 - DiskUsage.Gigabytes:76.26007080078125|#Level:Host|#hostname:hlx,timestamp:1650333789
2022-04-19T10:03:09,856 - DiskUtilization.Percent:88.2|#Level:Host|#hostname:hlx,timestamp:1650333789
2022-04-19T10:03:09,856 - GPUMemoryUtilization.Percent:0.9081735620585267|#Level:Host,device_id:0|#hostname:hlx,timestamp:1650333789
2022-04-19T10:03:09,856 - GPUMemoryUsed.Megabytes:54|#Level:Host,device_id:0|#hostname:hlx,timestamp:1650333789
2022-04-19T10:03:09,856 - GPUUtilization.Percent:16|#Level:Host,device_id:0|#hostname:hlx,timestamp:1650333789
2022-04-19T10:03:09,857 - MemoryAvailable.Megabytes:6414.6015625|#Level:Host|#hostname:hlx,timestamp:1650333789
2022-04-19T10:03:09,857 - MemoryUsed.Megabytes:7166.6015625|#Level:Host|#hostname:hlx,timestamp:1650333789
2022-04-19T10:03:09,857 - MemoryUtilization.Percent:59.3|#Level:Host|#hostname:hlx,timestamp:1650333789
2022-04-19T10:04:09,850 - CPUUtilization.Percent:50.0|#Level:Host|#hostname:hlx,timestamp:1650333849
2022-04-19T10:04:09,851 - DiskAvailable.Gigabytes:10.235954284667969|#Level:Host|#hostname:hlx,timestamp:1650333849
2022-04-19T10:04:09,851 - DiskUsage.Gigabytes:76.26020050048828|#Level:Host|#hostname:hlx,timestamp:1650333849
2022-04-19T10:04:09,851 - DiskUtilization.Percent:88.2|#Level:Host|#hostname:hlx,timestamp:1650333849
2022-04-19T10:04:09,851 - GPUMemoryUtilization.Percent:0.9081735620585267|#Level:Host,device_id:0|#hostname:hlx,timestamp:1650333849
2022-04-19T10:04:09,852 - GPUMemoryUsed.Megabytes:54|#Level:Host,device_id:0|#hostname:hlx,timestamp:1650333849
2022-04-19T10:04:09,852 - GPUUtilization.Percent:25|#Level:Host,device_id:0|#hostname:hlx,timestamp:1650333849
2022-04-19T10:04:09,853 - MemoryAvailable.Megabytes:6406.359375|#Level:Host|#hostname:hlx,timestamp:1650333849
2022-04-19T10:04:09,853 - MemoryUsed.Megabytes:7172.40625|#Level:Host|#hostname:hlx,timestamp:1650333849
2022-04-19T10:04:09,853 - MemoryUtilization.Percent:59.3|#Level:Host|#hostname:hlx,timestamp:1650333849
2022-04-19T10:05:09,852 - CPUUtilization.Percent:0.0|#Level:Host|#hostname:hlx,timestamp:1650333909
2022-04-19T10:05:09,852 - DiskAvailable.Gigabytes:10.235389709472656|#Level:Host|#hostname:hlx,timestamp:1650333909
2022-04-19T10:05:09,853 - DiskUsage.Gigabytes:76.2607650756836|#Level:Host|#hostname:hlx,timestamp:1650333909
2022-04-19T10:05:09,853 - DiskUtilization.Percent:88.2|#Level:Host|#hostname:hlx,timestamp:1650333909
2022-04-19T10:05:09,853 - GPUMemoryUtilization.Percent:0.9081735620585267|#Level:Host,device_id:0|#hostname:hlx,timestamp:1650333909
2022-04-19T10:05:09,854 - GPUMemoryUsed.Megabytes:54|#Level:Host,device_id:0|#hostname:hlx,timestamp:1650333909
2022-04-19T10:05:09,854 - GPUUtilization.Percent:20|#Level:Host,device_id:0|#hostname:hlx,timestamp:1650333909
2022-04-19T10:05:09,854 - MemoryAvailable.Megabytes:6261.00390625|#Level:Host|#hostname:hlx,timestamp:1650333909
2022-04-19T10:05:09,854 - MemoryUsed.Megabytes:7308.984375|#Level:Host|#hostname:hlx,timestamp:1650333909
2022-04-19T10:05:09,854 - MemoryUtilization.Percent:60.3|#Level:Host|#hostname:hlx,timestamp:1650333909
2022-04-19T10:06:09,852 - CPUUtilization.Percent:0.0|#Level:Host|#hostname:hlx,timestamp:1650333969
2022-04-19T10:06:09,853 - DiskAvailable.Gigabytes:10.234321594238281|#Level:Host|#hostname:hlx,timestamp:1650333969
2022-04-19T10:06:09,853 - DiskUsage.Gigabytes:76.26183319091797|#Level:Host|#hostname:hlx,timestamp:1650333969
2022-04-19T10:06:09,854 - DiskUtilization.Percent:88.2|#Level:Host|#hostname:hlx,timestamp:1650333969
2022-04-19T10:06:09,854 - GPUMemoryUtilization.Percent:0.9081735620585267|#Level:Host,device_id:0|#hostname:hlx,timestamp:1650333969
2022-04-19T10:06:09,854 - GPUMemoryUsed.Megabytes:54|#Level:Host,device_id:0|#hostname:hlx,timestamp:1650333969
2022-04-19T10:06:09,854 - GPUUtilization.Percent:26|#Level:Host,device_id:0|#hostname:hlx,timestamp:1650333969
2022-04-19T10:06:09,855 - MemoryAvailable.Megabytes:6313.6640625|#Level:Host|#hostname:hlx,timestamp:1650333969
2022-04-19T10:06:09,855 - MemoryUsed.Megabytes:7283.54296875|#Level:Host|#hostname:hlx,timestamp:1650333969
2022-04-19T10:06:09,855 - MemoryUtilization.Percent:59.9|#Level:Host|#hostname:hlx,timestamp:1650333969
2022-04-19T10:07:09,851 - CPUUtilization.Percent:0.0|#Level:Host|#hostname:hlx,timestamp:1650334029
2022-04-19T10:07:09,852 - DiskAvailable.Gigabytes:10.234272003173828|#Level:Host|#hostname:hlx,timestamp:1650334029
2022-04-19T10:07:09,852 - DiskUsage.Gigabytes:76.26188278198242|#Level:Host|#hostname:hlx,timestamp:1650334029
2022-04-19T10:07:09,852 - DiskUtilization.Percent:88.2|#Level:Host|#hostname:hlx,timestamp:1650334029
2022-04-19T10:07:09,852 - GPUMemoryUtilization.Percent:0.9081735620585267|#Level:Host,device_id:0|#hostname:hlx,timestamp:1650334029
2022-04-19T10:07:09,853 - GPUMemoryUsed.Megabytes:54|#Level:Host,device_id:0|#hostname:hlx,timestamp:1650334029
2022-04-19T10:07:09,853 - GPUUtilization.Percent:20|#Level:Host,device_id:0|#hostname:hlx,timestamp:1650334029
2022-04-19T10:07:09,853 - MemoryAvailable.Megabytes:6465.6875|#Level:Host|#hostname:hlx,timestamp:1650334029
2022-04-19T10:07:09,853 - MemoryUsed.Megabytes:7134.06640625|#Level:Host|#hostname:hlx,timestamp:1650334029
2022-04-19T10:07:09,853 - MemoryUtilization.Percent:59.0|#Level:Host|#hostname:hlx,timestamp:1650334029
2022-04-19T10:08:09,849 - CPUUtilization.Percent:0.0|#Level:Host|#hostname:hlx,timestamp:1650334089
2022-04-19T10:08:09,849 - DiskAvailable.Gigabytes:10.2342529296875|#Level:Host|#hostname:hlx,timestamp:1650334089
2022-04-19T10:08:09,849 - DiskUsage.Gigabytes:76.26190185546875|#Level:Host|#hostname:hlx,timestamp:1650334089
2022-04-19T10:08:09,850 - DiskUtilization.Percent:88.2|#Level:Host|#hostname:hlx,timestamp:1650334089
2022-04-19T10:08:09,850 - GPUMemoryUtilization.Percent:0.9081735620585267|#Level:Host,device_id:0|#hostname:hlx,timestamp:1650334089
2022-04-19T10:08:09,850 - GPUMemoryUsed.Megabytes:54|#Level:Host,device_id:0|#hostname:hlx,timestamp:1650334089
2022-04-19T10:08:09,851 - GPUUtilization.Percent:20|#Level:Host,device_id:0|#hostname:hlx,timestamp:1650334089
2022-04-19T10:08:09,851 - MemoryAvailable.Megabytes:6466.6875|#Level:Host|#hostname:hlx,timestamp:1650334089
2022-04-19T10:08:09,851 - MemoryUsed.Megabytes:7133.96875|#Level:Host|#hostname:hlx,timestamp:1650334089
2022-04-19T10:08:09,851 - MemoryUtilization.Percent:58.9|#Level:Host|#hostname:hlx,timestamp:1650334089
2022-04-19T10:09:09,849 - CPUUtilization.Percent:0.0|#Level:Host|#hostname:hlx,timestamp:1650334149
2022-04-19T10:09:09,849 - DiskAvailable.Gigabytes:10.234222412109375|#Level:Host|#hostname:hlx,timestamp:1650334149
2022-04-19T10:09:09,850 - DiskUsage.Gigabytes:76.26193237304688|#Level:Host|#hostname:hlx,timestamp:1650334149
2022-04-19T10:09:09,850 - DiskUtilization.Percent:88.2|#Level:Host|#hostname:hlx,timestamp:1650334149
2022-04-19T10:09:09,850 - GPUMemoryUtilization.Percent:0.9081735620585267|#Level:Host,device_id:0|#hostname:hlx,timestamp:1650334149
2022-04-19T10:09:09,850 - GPUMemoryUsed.Megabytes:54|#Level:Host,device_id:0|#hostname:hlx,timestamp:1650334149
2022-04-19T10:09:09,850 - GPUUtilization.Percent:26|#Level:Host,device_id:0|#hostname:hlx,timestamp:1650334149
2022-04-19T10:09:09,851 - MemoryAvailable.Megabytes:6426.87109375|#Level:Host|#hostname:hlx,timestamp:1650334149
2022-04-19T10:09:09,851 - MemoryUsed.Megabytes:7144.75|#Level:Host|#hostname:hlx,timestamp:1650334149
2022-04-19T10:09:09,851 - MemoryUtilization.Percent:59.2|#Level:Host|#hostname:hlx,timestamp:1650334149
2022-04-19T10:10:09,856 - CPUUtilization.Percent:0.0|#Level:Host|#hostname:hlx,timestamp:1650334209
2022-04-19T10:10:09,857 - DiskAvailable.Gigabytes:10.234149932861328|#Level:Host|#hostname:hlx,timestamp:1650334209
2022-04-19T10:10:09,858 - DiskUsage.Gigabytes:76.26200485229492|#Level:Host|#hostname:hlx,timestamp:1650334209
2022-04-19T10:10:09,859 - DiskUtilization.Percent:88.2|#Level:Host|#hostname:hlx,timestamp:1650334209
2022-04-19T10:10:09,859 - GPUMemoryUtilization.Percent:0.9081735620585267|#Level:Host,device_id:0|#hostname:hlx,timestamp:1650334209
2022-04-19T10:10:09,859 - GPUMemoryUsed.Megabytes:54|#Level:Host,device_id:0|#hostname:hlx,timestamp:1650334209
2022-04-19T10:10:09,859 - GPUUtilization.Percent:25|#Level:Host,device_id:0|#hostname:hlx,timestamp:1650334209
2022-04-19T10:10:09,859 - MemoryAvailable.Megabytes:6436.13671875|#Level:Host|#hostname:hlx,timestamp:1650334209
2022-04-19T10:10:09,860 - MemoryUsed.Megabytes:7146.1953125|#Level:Host|#hostname:hlx,timestamp:1650334209
2022-04-19T10:10:09,860 - MemoryUtilization.Percent:59.1|#Level:Host|#hostname:hlx,timestamp:1650334209
2022-04-19T10:11:09,852 - CPUUtilization.Percent:0.0|#Level:Host|#hostname:hlx,timestamp:1650334269
2022-04-19T10:11:09,853 - DiskAvailable.Gigabytes:10.234046936035156|#Level:Host|#hostname:hlx,timestamp:1650334269
2022-04-19T10:11:09,853 - DiskUsage.Gigabytes:76.2621078491211|#Level:Host|#hostname:hlx,timestamp:1650334269
2022-04-19T10:11:09,853 - DiskUtilization.Percent:88.2|#Level:Host|#hostname:hlx,timestamp:1650334269
2022-04-19T10:11:09,854 - GPUMemoryUtilization.Percent:0.9081735620585267|#Level:Host,device_id:0|#hostname:hlx,timestamp:1650334269
2022-04-19T10:11:09,854 - GPUMemoryUsed.Megabytes:54|#Level:Host,device_id:0|#hostname:hlx,timestamp:1650334269
2022-04-19T10:11:09,854 - GPUUtilization.Percent:24|#Level:Host,device_id:0|#hostname:hlx,timestamp:1650334269
2022-04-19T10:11:09,854 - MemoryAvailable.Megabytes:6398.96484375|#Level:Host|#hostname:hlx,timestamp:1650334269
2022-04-19T10:11:09,854 - MemoryUsed.Megabytes:7188.63671875|#Level:Host|#hostname:hlx,timestamp:1650334269
2022-04-19T10:11:09,854 - MemoryUtilization.Percent:59.4|#Level:Host|#hostname:hlx,timestamp:1650334269
2022-04-19T10:12:09,852 - CPUUtilization.Percent:0.0|#Level:Host|#hostname:hlx,timestamp:1650334329
2022-04-19T10:12:09,853 - DiskAvailable.Gigabytes:10.233955383300781|#Level:Host|#hostname:hlx,timestamp:1650334329
2022-04-19T10:12:09,853 - DiskUsage.Gigabytes:76.26219940185547|#Level:Host|#hostname:hlx,timestamp:1650334329
2022-04-19T10:12:09,853 - DiskUtilization.Percent:88.2|#Level:Host|#hostname:hlx,timestamp:1650334329
2022-04-19T10:12:09,853 - GPUMemoryUtilization.Percent:0.9081735620585267|#Level:Host,device_id:0|#hostname:hlx,timestamp:1650334329
2022-04-19T10:12:09,853 - GPUMemoryUsed.Megabytes:54|#Level:Host,device_id:0|#hostname:hlx,timestamp:1650334329
2022-04-19T10:12:09,853 - GPUUtilization.Percent:21|#Level:Host,device_id:0|#hostname:hlx,timestamp:1650334329
2022-04-19T10:12:09,853 - MemoryAvailable.Megabytes:6404.03515625|#Level:Host|#hostname:hlx,timestamp:1650334329
2022-04-19T10:12:09,854 - MemoryUsed.Megabytes:7182.6015625|#Level:Host|#hostname:hlx,timestamp:1650334329
2022-04-19T10:12:09,854 - MemoryUtilization.Percent:59.3|#Level:Host|#hostname:hlx,timestamp:1650334329
2022-04-19T10:13:09,849 - CPUUtilization.Percent:0.0|#Level:Host|#hostname:hlx,timestamp:1650334389
2022-04-19T10:13:09,850 - DiskAvailable.Gigabytes:10.23382568359375|#Level:Host|#hostname:hlx,timestamp:1650334389
2022-04-19T10:13:09,851 - DiskUsage.Gigabytes:76.2623291015625|#Level:Host|#hostname:hlx,timestamp:1650334389
2022-04-19T10:13:09,851 - DiskUtilization.Percent:88.2|#Level:Host|#hostname:hlx,timestamp:1650334389
2022-04-19T10:13:09,851 - GPUMemoryUtilization.Percent:0.9081735620585267|#Level:Host,device_id:0|#hostname:hlx,timestamp:1650334389
2022-04-19T10:13:09,852 - GPUMemoryUsed.Megabytes:54|#Level:Host,device_id:0|#hostname:hlx,timestamp:1650334389
2022-04-19T10:13:09,852 - GPUUtilization.Percent:21|#Level:Host,device_id:0|#hostname:hlx,timestamp:1650334389
2022-04-19T10:13:09,852 - MemoryAvailable.Megabytes:6385.97265625|#Level:Host|#hostname:hlx,timestamp:1650334389
2022-04-19T10:13:09,852 - MemoryUsed.Megabytes:7201.22265625|#Level:Host|#hostname:hlx,timestamp:1650334389
2022-04-19T10:13:09,852 - MemoryUtilization.Percent:59.5|#Level:Host|#hostname:hlx,timestamp:1650334389
2022-04-19T10:14:09,855 - CPUUtilization.Percent:0.0|#Level:Host|#hostname:hlx,timestamp:1650334449
2022-04-19T10:14:09,856 - DiskAvailable.Gigabytes:10.233760833740234|#Level:Host|#hostname:hlx,timestamp:1650334449
2022-04-19T10:14:09,856 - DiskUsage.Gigabytes:76.26239395141602|#Level:Host|#hostname:hlx,timestamp:1650334449
2022-04-19T10:14:09,856 - DiskUtilization.Percent:88.2|#Level:Host|#hostname:hlx,timestamp:1650334449
2022-04-19T10:14:09,856 - GPUMemoryUtilization.Percent:0.9081735620585267|#Level:Host,device_id:0|#hostname:hlx,timestamp:1650334449
2022-04-19T10:14:09,856 - GPUMemoryUsed.Megabytes:54|#Level:Host,device_id:0|#hostname:hlx,timestamp:1650334449
2022-04-19T10:14:09,857 - GPUUtilization.Percent:21|#Level:Host,device_id:0|#hostname:hlx,timestamp:1650334449
2022-04-19T10:14:09,857 - MemoryAvailable.Megabytes:6336.61328125|#Level:Host|#hostname:hlx,timestamp:1650334449
2022-04-19T10:14:09,857 - MemoryUsed.Megabytes:7225.25390625|#Level:Host|#hostname:hlx,timestamp:1650334449
2022-04-19T10:14:09,857 - MemoryUtilization.Percent:59.8|#Level:Host|#hostname:hlx,timestamp:1650334449
2022-04-19T10:15:09,880 - CPUUtilization.Percent:0.0|#Level:Host|#hostname:hlx,timestamp:1650334509
2022-04-19T10:15:09,881 - DiskAvailable.Gigabytes:10.233585357666016|#Level:Host|#hostname:hlx,timestamp:1650334509
2022-04-19T10:15:09,881 - DiskUsage.Gigabytes:76.26256942749023|#Level:Host|#hostname:hlx,timestamp:1650334509
2022-04-19T10:15:09,881 - DiskUtilization.Percent:88.2|#Level:Host|#hostname:hlx,timestamp:1650334509
2022-04-19T10:15:09,882 - GPUMemoryUtilization.Percent:0.9081735620585267|#Level:Host,device_id:0|#hostname:hlx,timestamp:1650334509
2022-04-19T10:15:09,882 - GPUMemoryUsed.Megabytes:54|#Level:Host,device_id:0|#hostname:hlx,timestamp:1650334509
2022-04-19T10:15:09,882 - GPUUtilization.Percent:29|#Level:Host,device_id:0|#hostname:hlx,timestamp:1650334509
2022-04-19T10:15:09,882 - MemoryAvailable.Megabytes:6024.28515625|#Level:Host|#hostname:hlx,timestamp:1650334509
2022-04-19T10:15:09,882 - MemoryUsed.Megabytes:7395.41796875|#Level:Host|#hostname:hlx,timestamp:1650334509
2022-04-19T10:15:09,882 - MemoryUtilization.Percent:61.8|#Level:Host|#hostname:hlx,timestamp:1650334509
2022-04-19T10:16:09,847 - CPUUtilization.Percent:0.0|#Level:Host|#hostname:hlx,timestamp:1650334569
2022-04-19T10:16:09,847 - DiskAvailable.Gigabytes:10.232742309570312|#Level:Host|#hostname:hlx,timestamp:1650334569
2022-04-19T10:16:09,848 - DiskUsage.Gigabytes:76.26341247558594|#Level:Host|#hostname:hlx,timestamp:1650334569
2022-04-19T10:16:09,848 - DiskUtilization.Percent:88.2|#Level:Host|#hostname:hlx,timestamp:1650334569
2022-04-19T10:16:09,848 - GPUMemoryUtilization.Percent:0.9081735620585267|#Level:Host,device_id:0|#hostname:hlx,timestamp:1650334569
2022-04-19T10:16:09,849 - GPUMemoryUsed.Megabytes:54|#Level:Host,device_id:0|#hostname:hlx,timestamp:1650334569
2022-04-19T10:16:09,849 - GPUUtilization.Percent:21|#Level:Host,device_id:0|#hostname:hlx,timestamp:1650334569
2022-04-19T10:16:09,849 - MemoryAvailable.Megabytes:6201.06640625|#Level:Host|#hostname:hlx,timestamp:1650334569
2022-04-19T10:16:09,849 - MemoryUsed.Megabytes:7251.1953125|#Level:Host|#hostname:hlx,timestamp:1650334569
2022-04-19T10:16:09,849 - MemoryUtilization.Percent:60.6|#Level:Host|#hostname:hlx,timestamp:1650334569
2022-04-19T10:17:09,856 - CPUUtilization.Percent:0.0|#Level:Host|#hostname:hlx,timestamp:1650334629
2022-04-19T10:17:09,856 - DiskAvailable.Gigabytes:10.23361587524414|#Level:Host|#hostname:hlx,timestamp:1650334629
2022-04-19T10:17:09,856 - DiskUsage.Gigabytes:76.26253890991211|#Level:Host|#hostname:hlx,timestamp:1650334629
2022-04-19T10:17:09,856 - DiskUtilization.Percent:88.2|#Level:Host|#hostname:hlx,timestamp:1650334629
2022-04-19T10:17:09,857 - GPUMemoryUtilization.Percent:0.9081735620585267|#Level:Host,device_id:0|#hostname:hlx,timestamp:1650334629
2022-04-19T10:17:09,857 - GPUMemoryUsed.Megabytes:54|#Level:Host,device_id:0|#hostname:hlx,timestamp:1650334629
2022-04-19T10:17:09,857 - GPUUtilization.Percent:26|#Level:Host,device_id:0|#hostname:hlx,timestamp:1650334629
2022-04-19T10:17:09,857 - MemoryAvailable.Megabytes:6206.82421875|#Level:Host|#hostname:hlx,timestamp:1650334629
2022-04-19T10:17:09,857 - MemoryUsed.Megabytes:7234.2421875|#Level:Host|#hostname:hlx,timestamp:1650334629
2022-04-19T10:17:09,857 - MemoryUtilization.Percent:60.6|#Level:Host|#hostname:hlx,timestamp:1650334629
2022-04-19T10:18:09,845 - CPUUtilization.Percent:0.0|#Level:Host|#hostname:hlx,timestamp:1650334689
2022-04-19T10:18:09,845 - DiskAvailable.Gigabytes:10.233356475830078|#Level:Host|#hostname:hlx,timestamp:1650334689
2022-04-19T10:18:09,846 - DiskUsage.Gigabytes:76.26279830932617|#Level:Host|#hostname:hlx,timestamp:1650334689
2022-04-19T10:18:09,846 - DiskUtilization.Percent:88.2|#Level:Host|#hostname:hlx,timestamp:1650334689
2022-04-19T10:18:09,846 - GPUMemoryUtilization.Percent:0.9081735620585267|#Level:Host,device_id:0|#hostname:hlx,timestamp:1650334689
2022-04-19T10:18:09,846 - GPUMemoryUsed.Megabytes:54|#Level:Host,device_id:0|#hostname:hlx,timestamp:1650334689
2022-04-19T10:18:09,846 - GPUUtilization.Percent:21|#Level:Host,device_id:0|#hostname:hlx,timestamp:1650334689
2022-04-19T10:18:09,846 - MemoryAvailable.Megabytes:6378.34375|#Level:Host|#hostname:hlx,timestamp:1650334689
2022-04-19T10:18:09,847 - MemoryUsed.Megabytes:7224.43359375|#Level:Host|#hostname:hlx,timestamp:1650334689
2022-04-19T10:18:09,847 - MemoryUtilization.Percent:59.5|#Level:Host|#hostname:hlx,timestamp:1650334689
2022-04-19T10:19:09,861 - CPUUtilization.Percent:0.0|#Level:Host|#hostname:hlx,timestamp:1650334749
2022-04-19T10:19:09,862 - DiskAvailable.Gigabytes:10.233161926269531|#Level:Host|#hostname:hlx,timestamp:1650334749
2022-04-19T10:19:09,863 - DiskUsage.Gigabytes:76.26299285888672|#Level:Host|#hostname:hlx,timestamp:1650334749
2022-04-19T10:19:09,863 - DiskUtilization.Percent:88.2|#Level:Host|#hostname:hlx,timestamp:1650334749
2022-04-19T10:19:09,863 - GPUMemoryUtilization.Percent:0.9081735620585267|#Level:Host,device_id:0|#hostname:hlx,timestamp:1650334749
2022-04-19T10:19:09,863 - GPUMemoryUsed.Megabytes:54|#Level:Host,device_id:0|#hostname:hlx,timestamp:1650334749
2022-04-19T10:19:09,864 - GPUUtilization.Percent:26|#Level:Host,device_id:0|#hostname:hlx,timestamp:1650334749
2022-04-19T10:19:09,864 - MemoryAvailable.Megabytes:6286.58203125|#Level:Host|#hostname:hlx,timestamp:1650334749
2022-04-19T10:19:09,864 - MemoryUsed.Megabytes:7257.6796875|#Level:Host|#hostname:hlx,timestamp:1650334749
2022-04-19T10:19:09,864 - MemoryUtilization.Percent:60.1|#Level:Host|#hostname:hlx,timestamp:1650334749
2022-04-19T10:20:09,845 - CPUUtilization.Percent:0.0|#Level:Host|#hostname:hlx,timestamp:1650334809
2022-04-19T10:20:09,846 - DiskAvailable.Gigabytes:10.23297119140625|#Level:Host|#hostname:hlx,timestamp:1650334809
2022-04-19T10:20:09,847 - DiskUsage.Gigabytes:76.26318359375|#Level:Host|#hostname:hlx,timestamp:1650334809
2022-04-19T10:20:09,847 - DiskUtilization.Percent:88.2|#Level:Host|#hostname:hlx,timestamp:1650334809
2022-04-19T10:20:09,847 - GPUMemoryUtilization.Percent:0.9081735620585267|#Level:Host,device_id:0|#hostname:hlx,timestamp:1650334809
2022-04-19T10:20:09,847 - GPUMemoryUsed.Megabytes:54|#Level:Host,device_id:0|#hostname:hlx,timestamp:1650334809
2022-04-19T10:20:09,847 - GPUUtilization.Percent:20|#Level:Host,device_id:0|#hostname:hlx,timestamp:1650334809
2022-04-19T10:20:09,847 - MemoryAvailable.Megabytes:6335.3671875|#Level:Host|#hostname:hlx,timestamp:1650334809
2022-04-19T10:20:09,847 - MemoryUsed.Megabytes:7258.328125|#Level:Host|#hostname:hlx,timestamp:1650334809
2022-04-19T10:20:09,847 - MemoryUtilization.Percent:59.8|#Level:Host|#hostname:hlx,timestamp:1650334809
2022-04-19T10:21:09,849 - CPUUtilization.Percent:0.0|#Level:Host|#hostname:hlx,timestamp:1650334869
2022-04-19T10:21:09,850 - DiskAvailable.Gigabytes:10.232772827148438|#Level:Host|#hostname:hlx,timestamp:1650334869
2022-04-19T10:21:09,851 - DiskUsage.Gigabytes:76.26338195800781|#Level:Host|#hostname:hlx,timestamp:1650334869
2022-04-19T10:21:09,851 - DiskUtilization.Percent:88.2|#Level:Host|#hostname:hlx,timestamp:1650334869
2022-04-19T10:21:09,851 - GPUMemoryUtilization.Percent:0.9081735620585267|#Level:Host,device_id:0|#hostname:hlx,timestamp:1650334869
2022-04-19T10:21:09,852 - GPUMemoryUsed.Megabytes:54|#Level:Host,device_id:0|#hostname:hlx,timestamp:1650334869
2022-04-19T10:21:09,852 - GPUUtilization.Percent:23|#Level:Host,device_id:0|#hostname:hlx,timestamp:1650334869
2022-04-19T10:21:09,852 - MemoryAvailable.Megabytes:6444.625|#Level:Host|#hostname:hlx,timestamp:1650334869
2022-04-19T10:21:09,852 - MemoryUsed.Megabytes:7183.98828125|#Level:Host|#hostname:hlx,timestamp:1650334869
2022-04-19T10:21:09,852 - MemoryUtilization.Percent:59.1|#Level:Host|#hostname:hlx,timestamp:1650334869
